<?xml version="1.0" encoding="UTF-8"?>
<!-- Generated by org.testng.reporters.JUnitXMLReporter -->
<testsuite ignored="0" hostname="Ramyas-MacBook-Air.local" failures="1" tests="11" name="TestForCreateAccountLoginUserMenu" time="122.161" errors="0" timestamp="2022-05-10T20:32:31 CDT">
  <testcase classname="com.salesforce.testScripts.CreateAccount" name="tC10CreateAccount" time="17.56"/>
  <testcase classname="com.salesforce.testScripts.CreateAccount" name="tC11CreateNewView" time="18.751"/>
  <testcase classname="com.salesforce.testScripts.UserMenuDropDownAutomationScripts" name="TC05" time="11.893"/>
  <testcase classname="com.salesforce.testScripts.UserMenuDropDownAutomationScripts" name="TC06" time="13.105"/>
  <testcase classname="com.salesforce.testScripts.UserMenuDropDownAutomationScripts" name="TC08" time="16.122"/>
  <testcase classname="com.salesforce.testScripts.UserMenuDropDownAutomationScripts" name="TC09" time="12.743"/>
  <testcase classname="com.salesforce.testScripts.SFDCLoginAutomationScripts" name="LoginErrorMessage1" time="4.884"/>
  <testcase classname="com.salesforce.testScripts.SFDCLoginAutomationScripts" name="LoginToSalesForce2" time="5.694">
    <failure type="java.lang.AssertionError" message=" expected:&amp;lt;Welcome to your free trial should be displayed&amp;gt; but was:&amp;lt;Welcome to your free trial not displayed,Test Failed&amp;gt;">
      <![CDATA[java.lang.AssertionError:  expected:<Welcome to your free trial should be displayed> but was:<Welcome to your free trial not displayed,Test Failed>
at com.salesforce.testScripts.SFDCLoginAutomationScripts.LoginToSalesForce2(SFDCLoginAutomationScripts.java:72)
at java.base/java.util.ArrayList.forEach(ArrayList.java:1511)
... Removed 28 stack frames]]>
    </failure>
  </testcase> <!-- LoginToSalesForce2 -->
  <testcase classname="com.salesforce.testScripts.SFDCLoginAutomationScripts" name="CheckRemeberMe3" time="9.24"/>
  <testcase classname="com.salesforce.testScripts.SFDCLoginAutomationScripts" name="forgotPassword4B" time="4.815"/>
  <testcase classname="com.salesforce.testScripts.SFDCLoginAutomationScripts" name="ForgotPassword4A" time="4.592"/>
</testsuite> <!-- TestForCreateAccountLoginUserMenu -->
