<?xml version="1.0" encoding="UTF-8"?>
<!-- Generated by org.testng.reporters.JUnitXMLReporter -->
<testsuite ignored="2" hostname="Ramyas-MacBook-Air.local" failures="2" tests="18" name="TestsUsingChrome" time="366.688" errors="0" timestamp="2022-05-20T15:05:04 CDT">
  <testcase classname="com.salesforce.base.BaseMethods" name="@BeforeMethod setUpForAllMethods" time="1.363">
    <failure type="org.openqa.selenium.WebDriverException" message="unknown error: Chrome failed to start: crashed.
  (chrome not reachable)
  (The process started from chrome location /Applications/Google Chrome.app/Contents/MacOS/Google Chrome is no longer running, so ChromeDriver is assuming that Chrome has crashed.)
Build info: version: &amp;apos;3.141.59&amp;apos;, revision: &amp;apos;e82be7d358&amp;apos;, time: &amp;apos;2018-11-14T08:17:03&amp;apos;
System info: host: &amp;apos;Ramyas-MacBook-Air.local&amp;apos;, ip: &amp;apos;fe80:0:0:0:108e:dc1c:36cb:588e%en0&amp;apos;, os.name: &amp;apos;Mac OS X&amp;apos;, os.arch: &amp;apos;aarch64&amp;apos;, os.version: &amp;apos;12.0.1&amp;apos;, java.version: &amp;apos;17.0.1&amp;apos;
Driver info: driver.version: ChromeDriver
remote stacktrace: 0   chromedriver                        0x0000000102c709a0 chromedriver + 4426144
1   chromedriver                        0x0000000102c0a798 chromedriver + 4007832
2   chromedriver                        0x0000000102866cc4 chromedriver + 191684
3   chromedriver                        0x0000000102885b50 chromedriver + 318288
4   chromedriver                        0x00000001028820ac chromedriver + 303276
5   chromedriver                        0x00000001028b2c3c chromedriver + 502844
6   chromedriver                        0x000000010288acf4 chromedriver + 339188
7   chromedriver                        0x0000000102c477d0 chromedriver + 4257744
8   chromedriver                        0x0000000102c4b580 chromedriver + 4273536
9   chromedriver                        0x0000000102c4f6c4 chromedriver + 4290244
10  chromedriver                        0x0000000102c4bcf8 chromedriver + 4275448
11  chromedriver                        0x0000000102c2bb38 chromedriver + 4143928
12  chromedriver                        0x0000000102c6321c chromedriver + 4370972
13  chromedriver                        0x0000000102c63380 chromedriver + 4371328
14  chromedriver                        0x0000000102c77154 chromedriver + 4452692
15  libsystem_pthread.dylib             0x00000001a4ac14ec _pthread_start + 148
16  libsystem_pthread.dylib             0x00000001a4abc2d0 thread_start + 8
">
      <![CDATA[org.openqa.selenium.WebDriverException: unknown error: Chrome failed to start: crashed.
  (chrome not reachable)
  (The process started from chrome location /Applications/Google Chrome.app/Contents/MacOS/Google Chrome is no longer running, so ChromeDriver is assuming that Chrome has crashed.)
Build info: version: '3.141.59', revision: 'e82be7d358', time: '2018-11-14T08:17:03'
System info: host: 'Ramyas-MacBook-Air.local', ip: 'fe80:0:0:0:108e:dc1c:36cb:588e%en0', os.name: 'Mac OS X', os.arch: 'aarch64', os.version: '12.0.1', java.version: '17.0.1'
Driver info: driver.version: ChromeDriver
remote stacktrace: 0   chromedriver                        0x0000000102c709a0 chromedriver + 4426144
1   chromedriver                        0x0000000102c0a798 chromedriver + 4007832
2   chromedriver                        0x0000000102866cc4 chromedriver + 191684
3   chromedriver                        0x0000000102885b50 chromedriver + 318288
4   chromedriver                        0x00000001028820ac chromedriver + 303276
5   chromedriver                        0x00000001028b2c3c chromedriver + 502844
6   chromedriver                        0x000000010288acf4 chromedriver + 339188
7   chromedriver                        0x0000000102c477d0 chromedriver + 4257744
8   chromedriver                        0x0000000102c4b580 chromedriver + 4273536
9   chromedriver                        0x0000000102c4f6c4 chromedriver + 4290244
10  chromedriver                        0x0000000102c4bcf8 chromedriver + 4275448
11  chromedriver                        0x0000000102c2bb38 chromedriver + 4143928
12  chromedriver                        0x0000000102c6321c chromedriver + 4370972
13  chromedriver                        0x0000000102c63380 chromedriver + 4371328
14  chromedriver                        0x0000000102c77154 chromedriver + 4452692
15  libsystem_pthread.dylib             0x00000001a4ac14ec _pthread_start + 148
16  libsystem_pthread.dylib             0x00000001a4abc2d0 thread_start + 8

at org.openqa.selenium.remote.W3CHandshakeResponse.lambda$errorHandler$0(W3CHandshakeResponse.java:62)
at org.openqa.selenium.remote.HandshakeResponse.lambda$getResponseFunction$0(HandshakeResponse.java:30)
at org.openqa.selenium.remote.ProtocolHandshake.lambda$createSession$0(ProtocolHandshake.java:126)
at java.base/java.util.stream.ReferencePipeline$3$1.accept(ReferencePipeline.java:197)
at java.base/java.util.Spliterators$ArraySpliterator.tryAdvance(Spliterators.java:1002)
at java.base/java.util.stream.ReferencePipeline.forEachWithCancel(ReferencePipeline.java:129)
at java.base/java.util.stream.AbstractPipeline.copyIntoWithCancel(AbstractPipeline.java:527)
at java.base/java.util.stream.AbstractPipeline.copyInto(AbstractPipeline.java:513)
at java.base/java.util.stream.AbstractPipeline.wrapAndCopyInto(AbstractPipeline.java:499)
at java.base/java.util.stream.FindOps$FindOp.evaluateSequential(FindOps.java:150)
at java.base/java.util.stream.AbstractPipeline.evaluate(AbstractPipeline.java:234)
at java.base/java.util.stream.ReferencePipeline.findFirst(ReferencePipeline.java:647)
at org.openqa.selenium.remote.ProtocolHandshake.createSession(ProtocolHandshake.java:128)
at org.openqa.selenium.remote.ProtocolHandshake.createSession(ProtocolHandshake.java:74)
at org.openqa.selenium.remote.HttpCommandExecutor.execute(HttpCommandExecutor.java:136)
at org.openqa.selenium.remote.service.DriverCommandExecutor.execute(DriverCommandExecutor.java:83)
at org.openqa.selenium.remote.RemoteWebDriver.execute(RemoteWebDriver.java:552)
at org.openqa.selenium.remote.RemoteWebDriver.startSession(RemoteWebDriver.java:213)
at org.openqa.selenium.remote.RemoteWebDriver.<init>(RemoteWebDriver.java:131)
at org.openqa.selenium.chrome.ChromeDriver.<init>(ChromeDriver.java:181)
at org.openqa.selenium.chrome.ChromeDriver.<init>(ChromeDriver.java:168)
at org.openqa.selenium.chrome.ChromeDriver.<init>(ChromeDriver.java:123)
at com.salesforce.base.BaseMethods.launchAndOpenBrowser(BaseMethods.java:93)
at com.salesforce.base.BaseMethods.setUpForAllMethods(BaseMethods.java:60)
at java.base/java.util.ArrayList.forEach(ArrayList.java:1511)
... Removed 36 stack frames]]>
    </failure>
  </testcase> <!-- @BeforeMethod setUpForAllMethods -->
  <testcase classname="com.salesforce.testScripts.Contacts" name="@BeforeMethod setUpForContactsTests" time="-1.653077103865E9">
    <skipped/>
  </testcase> <!-- @BeforeMethod setUpForContactsTests -->
  <testcase classname="com.salesforce.base.BaseMethods" name="@BeforeMethod setUpForAllMethods" time="-1.653077103872E9">
    <skipped/>
  </testcase> <!-- @BeforeMethod setUpForAllMethods -->
  <testcase classname="com.salesforce.testScripts.Contacts" name="@BeforeMethod setUpForContactsTests" time="-1.653077103872E9">
    <skipped/>
  </testcase> <!-- @BeforeMethod setUpForContactsTests -->
  <testcase classname="com.salesforce.base.BaseMethods" name="@BeforeMethod setUpForAllMethods" time="-1.653077103877E9">
    <skipped/>
  </testcase> <!-- @BeforeMethod setUpForAllMethods -->
  <testcase classname="com.salesforce.testScripts.Contacts" name="@BeforeMethod setUpForContactsTests" time="-1.653077103878E9">
    <skipped/>
  </testcase> <!-- @BeforeMethod setUpForContactsTests -->
  <testcase classname="com.salesforce.base.BaseMethods" name="@BeforeMethod setUpForAllMethods" time="-1.65307710388E9">
    <skipped/>
  </testcase> <!-- @BeforeMethod setUpForAllMethods -->
  <testcase classname="com.salesforce.testScripts.Contacts" name="@BeforeMethod setUpForContactsTests" time="-1.653077103881E9">
    <skipped/>
  </testcase> <!-- @BeforeMethod setUpForContactsTests -->
  <testcase classname="com.salesforce.base.BaseMethods" name="@BeforeMethod setUpForAllMethods" time="-1.653077103884E9">
    <skipped/>
  </testcase> <!-- @BeforeMethod setUpForAllMethods -->
  <testcase classname="com.salesforce.testScripts.Contacts" name="@BeforeMethod setUpForContactsTests" time="-1.653077103885E9">
    <skipped/>
  </testcase> <!-- @BeforeMethod setUpForContactsTests -->
  <testcase classname="com.salesforce.base.BaseMethods" name="@BeforeMethod setUpForAllMethods" time="-1.653077103887E9">
    <skipped/>
  </testcase> <!-- @BeforeMethod setUpForAllMethods -->
  <testcase classname="com.salesforce.testScripts.Contacts" name="@BeforeMethod setUpForContactsTests" time="-1.653077103887E9">
    <skipped/>
  </testcase> <!-- @BeforeMethod setUpForContactsTests -->
  <testcase classname="com.salesforce.testScripts.SFDCLoginAutomationScripts" name="LoginErrorMessage1" time="7.836"/>
  <testcase classname="com.salesforce.testScripts.SFDCLoginAutomationScripts" name="CheckRemeberMe3" time="24.708"/>
  <testcase classname="com.salesforce.testScripts.SFDCLoginAutomationScripts" name="forgotPassword4B" time="7.735"/>
  <testcase classname="com.salesforce.testScripts.SFDCLoginAutomationScripts" name="LoginToSalesForce2" time="15.642">
    <failure type="java.lang.AssertionError" message="Welcome to your free trial not displayed,Test Failed expected [Welcome to your free trial should be displayed] but found []">
      <![CDATA[java.lang.AssertionError: Welcome to your free trial not displayed,Test Failed expected [Welcome to your free trial should be displayed] but found []
at com.salesforce.testScripts.SFDCLoginAutomationScripts.LoginToSalesForce2(SFDCLoginAutomationScripts.java:76)
at java.base/java.util.ArrayList.forEach(ArrayList.java:1511)
... Removed 32 stack frames]]>
    </failure>
  </testcase> <!-- LoginToSalesForce2 -->
  <testcase classname="com.salesforce.testScripts.SFDCLoginAutomationScripts" name="ForgotPassword4A" time="12.247"/>
  <testcase classname="com.salesforce.testScripts.UserMenuDropDownAutomationScripts" name="TC05" time="0.0"/>
  <testcase classname="com.salesforce.testScripts.UserMenuDropDownAutomationScripts" name="TC06" time="41.023">
    <failure type="org.openqa.selenium.TimeoutException" message="Expected condition failed: waiting for presence of element located by: By.xpath: //div[@id=&amp;apos;feedwrapper&amp;apos;]/div/div[5]/div/div/div/div[2]/div/span/p (tried for 30 second(s) with 500 milliseconds interval)">
      <![CDATA[org.openqa.selenium.TimeoutException: Expected condition failed: waiting for presence of element located by: By.xpath: //div[@id='feedwrapper']/div/div[5]/div/div/div/div[2]/div/span/p (tried for 30 second(s) with 500 milliseconds interval)
at org.openqa.selenium.support.ui.WebDriverWait.timeoutException(WebDriverWait.java:95)
at org.openqa.selenium.support.ui.FluentWait.until(FluentWait.java:272)
at com.salesforce.base.BaseMethods.waitSecondsForElementLocatedBy(BaseMethods.java:286)
at com.salesforce.base.BaseMethods.findElementBy(BaseMethods.java:331)
at com.salesforce.testScripts.UserMenuDropDownAutomationScripts.TC06(UserMenuDropDownAutomationScripts.java:107)
at java.base/java.util.ArrayList.forEach(ArrayList.java:1511)
Caused by: org.openqa.selenium.NoSuchElementException: no such element: Unable to locate element: {"method":"xpath","selector":"//div[@id='feedwrapper']/div/div[5]/div/div/div/div[2]/div/span/p"}
  (Session info: chrome=101.0.4951.64)
For documentation on this error, please visit: https://www.seleniumhq.org/exceptions/no_such_element.html
Build info: version: '3.141.59', revision: 'e82be7d358', time: '2018-11-14T08:17:03'
System info: host: 'Ramyas-MacBook-Air.local', ip: 'fe80:0:0:0:108e:dc1c:36cb:588e%en0', os.name: 'Mac OS X', os.arch: 'aarch64', os.version: '12.0.1', java.version: '17.0.1'
Driver info: org.openqa.selenium.chrome.ChromeDriver
Capabilities {acceptInsecureCerts: false, browserName: chrome, browserVersion: 101.0.4951.64, chrome: {chromedriverVersion: 101.0.4951.41 (93c720db8323..., userDataDir: /var/folders/nc/rksk1wv5117...}, goog:chromeOptions: {debuggerAddress: localhost:50636}, javascriptEnabled: true, networkConnectionEnabled: false, pageLoadStrategy: normal, platform: MAC, platformName: MAC, proxy: Proxy(), setWindowRect: true, strictFileInteractability: false, timeouts: {implicit: 0, pageLoad: 300000, script: 30000}, unhandledPromptBehavior: dismiss and notify, webauthn:extension:credBlob: true, webauthn:extension:largeBlob: true, webauthn:virtualAuthenticators: true}
Session ID: e825305d8e58c1d428fb78527c8dd1c0
*** Element info: {Using=xpath, value=//div[@id='feedwrapper']/div/div[5]/div/div/div/div[2]/div/span/p}
at org.openqa.selenium.remote.http.W3CHttpResponseCodec.createException(W3CHttpResponseCodec.java:187)
at org.openqa.selenium.remote.http.W3CHttpResponseCodec.decode(W3CHttpResponseCodec.java:122)
at org.openqa.selenium.remote.http.W3CHttpResponseCodec.decode(W3CHttpResponseCodec.java:49)
at org.openqa.selenium.remote.HttpCommandExecutor.execute(HttpCommandExecutor.java:158)
at org.openqa.selenium.remote.service.DriverCommandExecutor.execute(DriverCommandExecutor.java:83)
at org.openqa.selenium.remote.RemoteWebDriver.execute(RemoteWebDriver.java:552)
at org.openqa.selenium.remote.RemoteWebDriver.findElement(RemoteWebDriver.java:323)
at org.openqa.selenium.remote.RemoteWebDriver.findElementByXPath(RemoteWebDriver.java:428)
at org.openqa.selenium.By$ByXPath.findElement(By.java:353)
at org.openqa.selenium.remote.RemoteWebDriver.findElement(RemoteWebDriver.java:315)
at org.openqa.selenium.support.ui.ExpectedConditions$6.apply(ExpectedConditions.java:182)
at org.openqa.selenium.support.ui.ExpectedConditions$6.apply(ExpectedConditions.java:179)
at org.openqa.selenium.support.ui.FluentWait.until(FluentWait.java:249)
... 31 more
... Removed 31 stack frames]]>
    </failure>
  </testcase> <!-- TC06 -->
  <testcase classname="com.salesforce.testScripts.UserMenuDropDownAutomationScripts" name="TC07" time="31.316"/>
  <testcase classname="com.salesforce.testScripts.UserMenuDropDownAutomationScripts" name="TC08" time="9.717"/>
  <testcase classname="com.salesforce.testScripts.UserMenuDropDownAutomationScripts" name="TC09" time="0.228"/>
  <testcase classname="com.salesforce.testScripts.Contacts" name="TC25" time="4.361"/>
  <testcase classname="com.salesforce.testScripts.Contacts" name="TC26" time="13.951"/>
  <testcase classname="com.salesforce.testScripts.Contacts" name="TC27" time="0.0">
    <skipped/>
  </testcase> <!-- TC27 -->
  <testcase classname="com.salesforce.testScripts.Contacts" name="TC28" time="0.0">
    <skipped/>
  </testcase> <!-- TC28 -->
  <testcase classname="com.salesforce.testScripts.Contacts" name="TC29" time="0.0">
    <skipped/>
  </testcase> <!-- TC29 -->
  <testcase classname="com.salesforce.testScripts.Contacts" name="TC30" time="0.0">
    <skipped/>
  </testcase> <!-- TC30 -->
  <testcase classname="com.salesforce.testScripts.Contacts" name="TC31" time="0.0">
    <skipped/>
  </testcase> <!-- TC31 -->
  <testcase classname="com.salesforce.testScripts.Contacts" name="TC32" time="0.0">
    <skipped/>
  </testcase> <!-- TC32 -->
  <testcase classname="com.salesforce.base.BaseMethods" name="@BeforeTest setUpTestAllTest" time="0.0">
    <ignored/>
  </testcase> <!-- @BeforeTest setUpTestAllTest -->
  <testcase classname="com.salesforce.base.BaseMethods" name="@BeforeTest setUpTestAllTest" time="0.0">
    <ignored/>
  </testcase> <!-- @BeforeTest setUpTestAllTest -->
</testsuite> <!-- TestsUsingChrome -->
