<?xml version="1.0" encoding="UTF-8"?>
<!-- Generated by org.testng.reporters.JUnitXMLReporter -->
<testsuite ignored="0" hostname="Ramyas-MacBook-Air.local" failures="0" tests="8" name="TestsForContactsPage_SafariBrowser" time="2.658" errors="0" timestamp="2022-05-13T23:26:27 CDT">
  <testcase classname="com.salesforce.testScripts.Contacts" name="@BeforeMethod setUpForContactsTests" time="2.626">
    <failure type="java.lang.AssertionError" message="The following asserts failed:
	expected [Home Page ~ Salesforce - Developer Edition] but found [Login | Salesforce]">
      <![CDATA[java.lang.AssertionError: The following asserts failed:
expected [Home Page ~ Salesforce - Developer Edition] but found [Login | Salesforce]
at com.salesforce.base.BaseMethods.checkIfCorrectPageDisplayed(BaseMethods.java:172)
at com.salesforce.testScripts.Contacts.setUpForContactsTests(Contacts.java:23)
at java.base/java.util.ArrayList.forEach(ArrayList.java:1511)
... Removed 33 stack frames]]>
    </failure>
  </testcase> <!-- @BeforeMethod setUpForContactsTests -->
  <testcase classname="com.salesforce.base.BaseMethods" name="@AfterMethod actionAfterTest" time="0.0">
    <skipped/>
  </testcase> <!-- @AfterMethod actionAfterTest -->
  <testcase classname="com.salesforce.testScripts.Contacts" name="@BeforeMethod setUpForContactsTests" time="0.0">
    <skipped/>
  </testcase> <!-- @BeforeMethod setUpForContactsTests -->
  <testcase classname="com.salesforce.base.BaseMethods" name="@AfterMethod actionAfterTest" time="0.0">
    <skipped/>
  </testcase> <!-- @AfterMethod actionAfterTest -->
  <testcase classname="com.salesforce.testScripts.Contacts" name="@BeforeMethod setUpForContactsTests" time="0.0">
    <skipped/>
  </testcase> <!-- @BeforeMethod setUpForContactsTests -->
  <testcase classname="com.salesforce.base.BaseMethods" name="@AfterMethod actionAfterTest" time="0.0">
    <skipped/>
  </testcase> <!-- @AfterMethod actionAfterTest -->
  <testcase classname="com.salesforce.testScripts.Contacts" name="@BeforeMethod setUpForContactsTests" time="0.0">
    <skipped/>
  </testcase> <!-- @BeforeMethod setUpForContactsTests -->
  <testcase classname="com.salesforce.base.BaseMethods" name="@AfterMethod actionAfterTest" time="0.0">
    <skipped/>
  </testcase> <!-- @AfterMethod actionAfterTest -->
  <testcase classname="com.salesforce.testScripts.Contacts" name="@BeforeMethod setUpForContactsTests" time="0.0">
    <skipped/>
  </testcase> <!-- @BeforeMethod setUpForContactsTests -->
  <testcase classname="com.salesforce.base.BaseMethods" name="@AfterMethod actionAfterTest" time="0.0">
    <skipped/>
  </testcase> <!-- @AfterMethod actionAfterTest -->
  <testcase classname="com.salesforce.testScripts.Contacts" name="@BeforeMethod setUpForContactsTests" time="0.0">
    <skipped/>
  </testcase> <!-- @BeforeMethod setUpForContactsTests -->
  <testcase classname="com.salesforce.base.BaseMethods" name="@AfterMethod actionAfterTest" time="0.0">
    <skipped/>
  </testcase> <!-- @AfterMethod actionAfterTest -->
  <testcase classname="com.salesforce.testScripts.Contacts" name="@BeforeMethod setUpForContactsTests" time="0.0">
    <skipped/>
  </testcase> <!-- @BeforeMethod setUpForContactsTests -->
  <testcase classname="com.salesforce.base.BaseMethods" name="@AfterMethod actionAfterTest" time="0.0">
    <skipped/>
  </testcase> <!-- @AfterMethod actionAfterTest -->
  <testcase classname="com.salesforce.testScripts.Contacts" name="@BeforeMethod setUpForContactsTests" time="0.0">
    <skipped/>
  </testcase> <!-- @BeforeMethod setUpForContactsTests -->
  <testcase classname="com.salesforce.base.BaseMethods" name="@AfterMethod actionAfterTest" time="0.0">
    <skipped/>
  </testcase> <!-- @AfterMethod actionAfterTest -->
  <testcase classname="com.salesforce.testScripts.Contacts" name="TC25" time="0.0">
    <skipped/>
  </testcase> <!-- TC25 -->
  <testcase classname="com.salesforce.testScripts.Contacts" name="TC26" time="0.0">
    <skipped/>
  </testcase> <!-- TC26 -->
  <testcase classname="com.salesforce.testScripts.Contacts" name="TC27" time="0.0">
    <skipped/>
  </testcase> <!-- TC27 -->
  <testcase classname="com.salesforce.testScripts.Contacts" name="TC28" time="0.0">
    <skipped/>
  </testcase> <!-- TC28 -->
  <testcase classname="com.salesforce.testScripts.Contacts" name="TC29" time="0.0">
    <skipped/>
  </testcase> <!-- TC29 -->
  <testcase classname="com.salesforce.testScripts.Contacts" name="TC30" time="0.0">
    <skipped/>
  </testcase> <!-- TC30 -->
  <testcase classname="com.salesforce.testScripts.Contacts" name="TC31" time="0.0">
    <skipped/>
  </testcase> <!-- TC31 -->
  <testcase classname="com.salesforce.testScripts.Contacts" name="TC32" time="0.0">
    <skipped/>
  </testcase> <!-- TC32 -->
</testsuite> <!-- TestsForContactsPage_SafariBrowser -->
