<?xml version="1.0" encoding="UTF-8"?>
<!-- Generated by org.testng.reporters.JUnitXMLReporter -->
<testsuite ignored="0" hostname="Ramyas-MacBook-Air.local" failures="1" tests="5" name="TestsForSFDCLogin" time="70.298" errors="0" timestamp="2022-05-19T00:44:14 CDT">
  <testcase classname="com.salesforce.testScripts.SFDCLoginAutomationScripts" name="LoginErrorMessage1" time="7.139"/>
  <testcase classname="com.salesforce.testScripts.SFDCLoginAutomationScripts" name="CheckRemeberMe3" time="19.359"/>
  <testcase classname="com.salesforce.testScripts.SFDCLoginAutomationScripts" name="forgotPassword4B" time="6.986"/>
  <testcase classname="com.salesforce.testScripts.SFDCLoginAutomationScripts" name="LoginToSalesForce2" time="10.474">
    <failure type="java.lang.AssertionError" message="Welcome to your free trial not displayed,Test Failed expected [Welcome to your free trial should be displayed] but found []">
      <![CDATA[java.lang.AssertionError: Welcome to your free trial not displayed,Test Failed expected [Welcome to your free trial should be displayed] but found []
at com.salesforce.testScripts.SFDCLoginAutomationScripts.LoginToSalesForce2(SFDCLoginAutomationScripts.java:76)
at java.base/java.util.ArrayList.forEach(ArrayList.java:1511)
... Removed 32 stack frames]]>
    </failure>
  </testcase> <!-- LoginToSalesForce2 -->
  <testcase classname="com.salesforce.testScripts.SFDCLoginAutomationScripts" name="ForgotPassword4A" time="11.486"/>
</testsuite> <!-- TestsForSFDCLogin -->
