<?xml version="1.0" encoding="UTF-8"?>
<!-- Generated by org.testng.reporters.JUnitXMLReporter -->
<testsuite ignored="2" hostname="Ramyas-MacBook-Air.local" failures="4" tests="14" name="TestsUsingFirefox" time="450.338" errors="0" timestamp="2022-05-20T15:12:34 CDT">
  <testcase classname="com.salesforce.testScripts.CreateAccount" name="@BeforeMethod setUpForCreateAccountTests" time="48.434">
    <failure type="org.openqa.selenium.TimeoutException" message="Expected condition failed: waiting for presence of element located by: By.id: tryLexDialogX (tried for 30 second(s) with 500 milliseconds interval)">
      <![CDATA[org.openqa.selenium.TimeoutException: Expected condition failed: waiting for presence of element located by: By.id: tryLexDialogX (tried for 30 second(s) with 500 milliseconds interval)
at org.openqa.selenium.support.ui.WebDriverWait.timeoutException(WebDriverWait.java:95)
at org.openqa.selenium.support.ui.FluentWait.until(FluentWait.java:272)
at com.salesforce.base.BaseMethods.waitSecondsForElementLocatedBy(BaseMethods.java:286)
at com.salesforce.base.BaseMethods.findElementBy(BaseMethods.java:331)
at com.salesforce.testScripts.CreateAccount.setUpForCreateAccountTests(CreateAccount.java:29)
at java.base/java.util.ArrayList.forEach(ArrayList.java:1511)
Caused by: org.openqa.selenium.NoSuchElementException: Unable to locate element: #tryLexDialogX
For documentation on this error, please visit: https://www.seleniumhq.org/exceptions/no_such_element.html
Build info: version: '3.141.59', revision: 'e82be7d358', time: '2018-11-14T08:17:03'
System info: host: 'Ramyas-MacBook-Air.local', ip: 'fe80:0:0:0:108e:dc1c:36cb:588e%en0', os.name: 'Mac OS X', os.arch: 'aarch64', os.version: '12.0.1', java.version: '17.0.1'
Driver info: org.openqa.selenium.firefox.FirefoxDriver
Capabilities {acceptInsecureCerts: true, browserName: firefox, browserVersion: 100.0, javascriptEnabled: true, moz:accessibilityChecks: false, moz:buildID: 20220428192727, moz:geckodriverVersion: 0.31.0, moz:headless: false, moz:processID: 2019, moz:profile: /var/folders/nc/rksk1wv5117..., moz:shutdownTimeout: 60000, moz:useNonSpecCompliantPointerOrigin: false, moz:webdriverClick: true, pageLoadStrategy: normal, platform: MAC, platformName: MAC, platformVersion: 21.1.0, proxy: Proxy(), setWindowRect: true, strictFileInteractability: false, timeouts: {implicit: 0, pageLoad: 300000, script: 30000}, unhandledPromptBehavior: dismiss and notify}
Session ID: 7bcac3e2-ca2b-4424-8864-2f18d5253a98
*** Element info: {Using=id, value=tryLexDialogX}
at org.openqa.selenium.remote.http.W3CHttpResponseCodec.createException(W3CHttpResponseCodec.java:187)
at org.openqa.selenium.remote.http.W3CHttpResponseCodec.decode(W3CHttpResponseCodec.java:122)
at org.openqa.selenium.remote.http.W3CHttpResponseCodec.decode(W3CHttpResponseCodec.java:49)
at org.openqa.selenium.remote.HttpCommandExecutor.execute(HttpCommandExecutor.java:158)
at org.openqa.selenium.remote.service.DriverCommandExecutor.execute(DriverCommandExecutor.java:83)
at org.openqa.selenium.remote.RemoteWebDriver.execute(RemoteWebDriver.java:552)
at org.openqa.selenium.remote.RemoteWebDriver.findElement(RemoteWebDriver.java:323)
at org.openqa.selenium.remote.RemoteWebDriver.findElementById(RemoteWebDriver.java:372)
at org.openqa.selenium.By$ById.findElement(By.java:188)
at org.openqa.selenium.remote.RemoteWebDriver.findElement(RemoteWebDriver.java:315)
at org.openqa.selenium.support.ui.ExpectedConditions$6.apply(ExpectedConditions.java:182)
at org.openqa.selenium.support.ui.ExpectedConditions$6.apply(ExpectedConditions.java:179)
at org.openqa.selenium.support.ui.FluentWait.until(FluentWait.java:249)
... 35 more
... Removed 35 stack frames]]>
    </failure>
  </testcase> <!-- @BeforeMethod setUpForCreateAccountTests -->
  <testcase classname="com.salesforce.testScripts.CreateAccount" name="TC14" time="16.496"/>
  <testcase classname="com.salesforce.testScripts.CreateAccount" name="tC10CreateAccount" time="11.028"/>
  <testcase classname="com.salesforce.testScripts.CreateAccount" name="tC11CreateNewView" time="2.41"/>
  <testcase classname="com.salesforce.testScripts.CreateAccount" name="TC13MergeAccounts" time="23.386"/>
  <testcase classname="com.salesforce.testScripts.CreateAccount" name="tC12CreateNewView" time="0.0">
    <skipped/>
  </testcase> <!-- tC12CreateNewView -->
  <testcase classname="com.salesforce.testScripts.LeadsPage" name="TC20LeadsTab" time="0.189"/>
  <testcase classname="com.salesforce.testScripts.LeadsPage" name="TC21LeadsSelectView" time="0.067">
    <failure type="java.lang.AssertionError" message="The following asserts failed:
	expected [Accounts: Home ~ Salesforce - Developer Edition] but found [Home Page ~ Salesforce - Developer Edition]">
      <![CDATA[java.lang.AssertionError: The following asserts failed:
expected [Accounts: Home ~ Salesforce - Developer Edition] but found [Home Page ~ Salesforce - Developer Edition]
at com.salesforce.testScripts.LeadsPage.TC21LeadsSelectView(LeadsPage.java:45)
at java.base/java.util.ArrayList.forEach(ArrayList.java:1511)
... Removed 29 stack frames]]>
    </failure>
  </testcase> <!-- TC21LeadsSelectView -->
  <testcase classname="com.salesforce.testScripts.LeadsPage" name="TC22DefaultViewAndTC23" time="17.642"/>
  <testcase classname="com.salesforce.testScripts.LeadsPage" name="TC24" time="2.098"/>
  <testcase classname="com.salesforce.testScripts.RandomScenarios" name="TC33" time="12.474"/>
  <testcase classname="com.salesforce.testScripts.RandomScenarios" name="TC34" time="10.428">
    <failure type="org.openqa.selenium.ElementNotInteractableException" message="Element &amp;lt;a class=&amp;quot;contactInfoLaunch editLink&amp;quot; href=&amp;quot;javascript:void(0);&amp;quot;&amp;gt; could not be scrolled into view
Build info: version: &amp;apos;3.141.59&amp;apos;, revision: &amp;apos;e82be7d358&amp;apos;, time: &amp;apos;2018-11-14T08:17:03&amp;apos;
System info: host: &amp;apos;Ramyas-MacBook-Air.local&amp;apos;, ip: &amp;apos;fe80:0:0:0:108e:dc1c:36cb:588e%en0&amp;apos;, os.name: &amp;apos;Mac OS X&amp;apos;, os.arch: &amp;apos;aarch64&amp;apos;, os.version: &amp;apos;12.0.1&amp;apos;, java.version: &amp;apos;17.0.1&amp;apos;
Driver info: org.openqa.selenium.firefox.FirefoxDriver
Capabilities {acceptInsecureCerts: true, browserName: firefox, browserVersion: 100.0, javascriptEnabled: true, moz:accessibilityChecks: false, moz:buildID: 20220428192727, moz:geckodriverVersion: 0.31.0, moz:headless: false, moz:processID: 2161, moz:profile: /var/folders/nc/rksk1wv5117..., moz:shutdownTimeout: 60000, moz:useNonSpecCompliantPointerOrigin: false, moz:webdriverClick: true, pageLoadStrategy: normal, platform: MAC, platformName: MAC, platformVersion: 21.1.0, proxy: Proxy(), setWindowRect: true, strictFileInteractability: false, timeouts: {implicit: 0, pageLoad: 300000, script: 30000}, unhandledPromptBehavior: dismiss and notify}
Session ID: 4f6e9cb9-bafe-4d5f-9216-a39230c6fc3a">
      <![CDATA[org.openqa.selenium.ElementNotInteractableException: Element <a class="contactInfoLaunch editLink" href="javascript:void(0);"> could not be scrolled into view
Build info: version: '3.141.59', revision: 'e82be7d358', time: '2018-11-14T08:17:03'
System info: host: 'Ramyas-MacBook-Air.local', ip: 'fe80:0:0:0:108e:dc1c:36cb:588e%en0', os.name: 'Mac OS X', os.arch: 'aarch64', os.version: '12.0.1', java.version: '17.0.1'
Driver info: org.openqa.selenium.firefox.FirefoxDriver
Capabilities {acceptInsecureCerts: true, browserName: firefox, browserVersion: 100.0, javascriptEnabled: true, moz:accessibilityChecks: false, moz:buildID: 20220428192727, moz:geckodriverVersion: 0.31.0, moz:headless: false, moz:processID: 2161, moz:profile: /var/folders/nc/rksk1wv5117..., moz:shutdownTimeout: 60000, moz:useNonSpecCompliantPointerOrigin: false, moz:webdriverClick: true, pageLoadStrategy: normal, platform: MAC, platformName: MAC, platformVersion: 21.1.0, proxy: Proxy(), setWindowRect: true, strictFileInteractability: false, timeouts: {implicit: 0, pageLoad: 300000, script: 30000}, unhandledPromptBehavior: dismiss and notify}
Session ID: 4f6e9cb9-bafe-4d5f-9216-a39230c6fc3a
at org.openqa.selenium.remote.http.W3CHttpResponseCodec.createException(W3CHttpResponseCodec.java:187)
at org.openqa.selenium.remote.http.W3CHttpResponseCodec.decode(W3CHttpResponseCodec.java:122)
at org.openqa.selenium.remote.http.W3CHttpResponseCodec.decode(W3CHttpResponseCodec.java:49)
at org.openqa.selenium.remote.HttpCommandExecutor.execute(HttpCommandExecutor.java:158)
at org.openqa.selenium.remote.service.DriverCommandExecutor.execute(DriverCommandExecutor.java:83)
at org.openqa.selenium.remote.RemoteWebDriver.execute(RemoteWebDriver.java:552)
at org.openqa.selenium.remote.RemoteWebElement.execute(RemoteWebElement.java:285)
at org.openqa.selenium.remote.RemoteWebElement.click(RemoteWebElement.java:84)
at com.salesforce.base.BaseMethods.clickOnElement(BaseMethods.java:385)
at com.salesforce.testScripts.RandomScenarios.TC34(RandomScenarios.java:77)
at java.base/java.util.ArrayList.forEach(ArrayList.java:1511)
... Removed 32 stack frames]]>
    </failure>
  </testcase> <!-- TC34 -->
  <testcase classname="com.salesforce.testScripts.RandomScenarios" name="TC35" time="37.302">
    <failure type="java.lang.AssertionError" message="The following asserts failed:
	expected [Accounts: Home ~ Salesforce - Developer Edition] but found [Home Page ~ Salesforce - Developer Edition]">
      <![CDATA[java.lang.AssertionError: The following asserts failed:
expected [Accounts: Home ~ Salesforce - Developer Edition] but found [Home Page ~ Salesforce - Developer Edition]
at com.salesforce.testScripts.RandomScenarios.TC35(RandomScenarios.java:177)
at java.base/java.util.ArrayList.forEach(ArrayList.java:1511)
... Removed 29 stack frames]]>
    </failure>
  </testcase> <!-- TC35 -->
  <testcase classname="com.salesforce.testScripts.RandomScenarios" name="TC36" time="22.676"/>
  <testcase classname="com.salesforce.testScripts.RandomScenarios" name="TC37" time="24.263">
    <failure type="java.lang.AssertionError" message="The following asserts failed:
	expected [Accounts: Home ~ Salesforce - Developer Edition] but found [Home Page ~ Salesforce - Developer Edition],
	expected [true] but found [false],
	expected [true] but found [false]">
      <![CDATA[java.lang.AssertionError: The following asserts failed:
expected [Accounts: Home ~ Salesforce - Developer Edition] but found [Home Page ~ Salesforce - Developer Edition],
expected [true] but found [false],
expected [true] but found [false]
at com.salesforce.testScripts.RandomScenarios.TC37(RandomScenarios.java:487)
at java.base/java.util.ArrayList.forEach(ArrayList.java:1511)
... Removed 29 stack frames]]>
    </failure>
  </testcase> <!-- TC37 -->
  <testcase classname="com.salesforce.base.BaseMethods" name="@BeforeTest setUpTestAllTest" time="0.0">
    <ignored/>
  </testcase> <!-- @BeforeTest setUpTestAllTest -->
  <testcase classname="com.salesforce.base.BaseMethods" name="@BeforeTest setUpTestAllTest" time="0.0">
    <ignored/>
  </testcase> <!-- @BeforeTest setUpTestAllTest -->
</testsuite> <!-- TestsUsingFirefox -->
