<?xml version="1.0" encoding="UTF-8"?>
<!-- Generated by org.testng.reporters.JUnitReportReporter -->
<testsuite hostname="Ramyas-MacBook-Air.local" failures="0" tests="9" name="com.salesforce.testScripts.Contacts" time="68.083" errors="1" timestamp="2022-05-20T15:12:34 CDT" skipped="6">
  <testcase classname="com.salesforce.testScripts.Contacts" name="TC28" time="19.902">
    <skipped/>
  </testcase> <!-- TC28 -->
  <system-out/>
  <testcase classname="com.salesforce.testScripts.Contacts" name="TC26" time="42.457"/>
  <system-out/>
  <testcase classname="com.salesforce.testScripts.Contacts" name="TC31" time="0.000">
    <skipped/>
  </testcase> <!-- TC31 -->
  <system-out/>
  <testcase classname="com.salesforce.testScripts.Contacts" name="TC30" time="0.000">
    <skipped/>
  </testcase> <!-- TC30 -->
  <system-out/>
  <testcase classname="com.salesforce.testScripts.Contacts" name="TC32" time="0.000">
    <skipped/>
  </testcase> <!-- TC32 -->
  <system-out/>
  <testcase classname="com.salesforce.testScripts.Contacts" name="TC27" time="0.000">
    <skipped/>
  </testcase> <!-- TC27 -->
  <system-out/>
  <testcase classname="com.salesforce.testScripts.Contacts" name="setUpForAllMethods" time="1.363">
    <error message="unknown error: Chrome failed to start: crashed.
  (chrome not reachable)
  (The process started from chrome location /Applications/Google Chrome.app/Contents/MacOS/Google Chrome is no longer running, so ChromeDriver is assuming that Chrome has crashed.)
Build info: version: &#039;3.141.59&#039;, revision: &#039;e82be7d358&#039;, time: &#039;2018-11-14T08:17:03&#039;
System info: host: &#039;Ramyas-MacBook-Air.local&#039;, ip: &#039;fe80:0:0:0:108e:dc1c:36cb:588e%en0&#039;, os.name: &#039;Mac OS X&#039;, os.arch: &#039;aarch64&#039;, os.version: &#039;12.0.1&#039;, java.version: &#039;17.0.1&#039;
Driver info: driver.version: ChromeDriver
remote stacktrace: 0   chromedriver                        0x0000000102c709a0 chromedriver + 4426144
1   chromedriver                        0x0000000102c0a798 chromedriver + 4007832
2   chromedriver                        0x0000000102866cc4 chromedriver + 191684
3   chromedriver                        0x0000000102885b50 chromedriver + 318288
4   chromedriver                        0x00000001028820ac chromedriver + 303276
5   chromedriver                        0x00000001028b2c3c chromedriver + 502844
6   chromedriver                        0x000000010288acf4 chromedriver + 339188
7   chromedriver                        0x0000000102c477d0 chromedriver + 4257744
8   chromedriver                        0x0000000102c4b580 chromedriver + 4273536
9   chromedriver                        0x0000000102c4f6c4 chromedriver + 4290244
10  chromedriver                        0x0000000102c4bcf8 chromedriver + 4275448
11  chromedriver                        0x0000000102c2bb38 chromedriver + 4143928
12  chromedriver                        0x0000000102c6321c chromedriver + 4370972
13  chromedriver                        0x0000000102c63380 chromedriver + 4371328
14  chromedriver                        0x0000000102c77154 chromedriver + 4452692
15  libsystem_pthread.dylib             0x00000001a4ac14ec _pthread_start + 148
16  libsystem_pthread.dylib             0x00000001a4abc2d0 thread_start + 8
" type="org.openqa.selenium.WebDriverException">
      <![CDATA[org.openqa.selenium.WebDriverException: unknown error: Chrome failed to start: crashed.
  (chrome not reachable)
  (The process started from chrome location /Applications/Google Chrome.app/Contents/MacOS/Google Chrome is no longer running, so ChromeDriver is assuming that Chrome has crashed.)
Build info: version: '3.141.59', revision: 'e82be7d358', time: '2018-11-14T08:17:03'
System info: host: 'Ramyas-MacBook-Air.local', ip: 'fe80:0:0:0:108e:dc1c:36cb:588e%en0', os.name: 'Mac OS X', os.arch: 'aarch64', os.version: '12.0.1', java.version: '17.0.1'
Driver info: driver.version: ChromeDriver
remote stacktrace: 0   chromedriver                        0x0000000102c709a0 chromedriver + 4426144
1   chromedriver                        0x0000000102c0a798 chromedriver + 4007832
2   chromedriver                        0x0000000102866cc4 chromedriver + 191684
3   chromedriver                        0x0000000102885b50 chromedriver + 318288
4   chromedriver                        0x00000001028820ac chromedriver + 303276
5   chromedriver                        0x00000001028b2c3c chromedriver + 502844
6   chromedriver                        0x000000010288acf4 chromedriver + 339188
7   chromedriver                        0x0000000102c477d0 chromedriver + 4257744
8   chromedriver                        0x0000000102c4b580 chromedriver + 4273536
9   chromedriver                        0x0000000102c4f6c4 chromedriver + 4290244
10  chromedriver                        0x0000000102c4bcf8 chromedriver + 4275448
11  chromedriver                        0x0000000102c2bb38 chromedriver + 4143928
12  chromedriver                        0x0000000102c6321c chromedriver + 4370972
13  chromedriver                        0x0000000102c63380 chromedriver + 4371328
14  chromedriver                        0x0000000102c77154 chromedriver + 4452692
15  libsystem_pthread.dylib             0x00000001a4ac14ec _pthread_start + 148
16  libsystem_pthread.dylib             0x00000001a4abc2d0 thread_start + 8

at java.base/jdk.internal.reflect.NativeConstructorAccessorImpl.newInstance0(Native Method)
at java.base/jdk.internal.reflect.NativeConstructorAccessorImpl.newInstance(NativeConstructorAccessorImpl.java:77)
at java.base/jdk.internal.reflect.DelegatingConstructorAccessorImpl.newInstance(DelegatingConstructorAccessorImpl.java:45)
at java.base/java.lang.reflect.Constructor.newInstanceWithCaller(Constructor.java:499)
at java.base/java.lang.reflect.Constructor.newInstance(Constructor.java:480)
at org.openqa.selenium.remote.W3CHandshakeResponse.lambda$errorHandler$0(W3CHandshakeResponse.java:62)
at org.openqa.selenium.remote.HandshakeResponse.lambda$getResponseFunction$0(HandshakeResponse.java:30)
at org.openqa.selenium.remote.ProtocolHandshake.lambda$createSession$0(ProtocolHandshake.java:126)
at java.base/java.util.stream.ReferencePipeline$3$1.accept(ReferencePipeline.java:197)
at java.base/java.util.Spliterators$ArraySpliterator.tryAdvance(Spliterators.java:1002)
at java.base/java.util.stream.ReferencePipeline.forEachWithCancel(ReferencePipeline.java:129)
at java.base/java.util.stream.AbstractPipeline.copyIntoWithCancel(AbstractPipeline.java:527)
at java.base/java.util.stream.AbstractPipeline.copyInto(AbstractPipeline.java:513)
at java.base/java.util.stream.AbstractPipeline.wrapAndCopyInto(AbstractPipeline.java:499)
at java.base/java.util.stream.FindOps$FindOp.evaluateSequential(FindOps.java:150)
at java.base/java.util.stream.AbstractPipeline.evaluate(AbstractPipeline.java:234)
at java.base/java.util.stream.ReferencePipeline.findFirst(ReferencePipeline.java:647)
at org.openqa.selenium.remote.ProtocolHandshake.createSession(ProtocolHandshake.java:128)
at org.openqa.selenium.remote.ProtocolHandshake.createSession(ProtocolHandshake.java:74)
at org.openqa.selenium.remote.HttpCommandExecutor.execute(HttpCommandExecutor.java:136)
at org.openqa.selenium.remote.service.DriverCommandExecutor.execute(DriverCommandExecutor.java:83)
at org.openqa.selenium.remote.RemoteWebDriver.execute(RemoteWebDriver.java:552)
at org.openqa.selenium.remote.RemoteWebDriver.startSession(RemoteWebDriver.java:213)
at org.openqa.selenium.remote.RemoteWebDriver.<init>(RemoteWebDriver.java:131)
at org.openqa.selenium.chrome.ChromeDriver.<init>(ChromeDriver.java:181)
at org.openqa.selenium.chrome.ChromeDriver.<init>(ChromeDriver.java:168)
at org.openqa.selenium.chrome.ChromeDriver.<init>(ChromeDriver.java:123)
at com.salesforce.base.BaseMethods.launchAndOpenBrowser(BaseMethods.java:93)
at com.salesforce.base.BaseMethods.setUpForAllMethods(BaseMethods.java:60)
at java.base/jdk.internal.reflect.NativeMethodAccessorImpl.invoke0(Native Method)
at java.base/jdk.internal.reflect.NativeMethodAccessorImpl.invoke(NativeMethodAccessorImpl.java:77)
at java.base/jdk.internal.reflect.DelegatingMethodAccessorImpl.invoke(DelegatingMethodAccessorImpl.java:43)
at java.base/java.lang.reflect.Method.invoke(Method.java:568)
at org.testng.internal.MethodInvocationHelper.invokeMethod(MethodInvocationHelper.java:133)
at org.testng.internal.MethodInvocationHelper.invokeMethodConsideringTimeout(MethodInvocationHelper.java:62)
at org.testng.internal.ConfigInvoker.invokeConfigurationMethod(ConfigInvoker.java:385)
at org.testng.internal.ConfigInvoker.invokeConfigurations(ConfigInvoker.java:321)
at org.testng.internal.TestInvoker.runConfigMethods(TestInvoker.java:700)
at org.testng.internal.TestInvoker.invokeMethod(TestInvoker.java:527)
at org.testng.internal.TestInvoker.invokeTestMethod(TestInvoker.java:173)
at org.testng.internal.MethodRunner.runInSequence(MethodRunner.java:46)
at org.testng.internal.TestInvoker$MethodInvocationAgent.invoke(TestInvoker.java:824)
at org.testng.internal.TestInvoker.invokeTestMethods(TestInvoker.java:146)
at org.testng.internal.TestMethodWorker.invokeTestMethods(TestMethodWorker.java:146)
at org.testng.internal.TestMethodWorker.run(TestMethodWorker.java:128)
at java.base/java.util.ArrayList.forEach(ArrayList.java:1511)
at org.testng.TestRunner.privateRun(TestRunner.java:794)
at org.testng.TestRunner.run(TestRunner.java:596)
at org.testng.SuiteRunner.runTest(SuiteRunner.java:377)
at org.testng.SuiteRunner.runSequentially(SuiteRunner.java:371)
at org.testng.SuiteRunner.privateRun(SuiteRunner.java:332)
at org.testng.SuiteRunner.run(SuiteRunner.java:276)
at org.testng.SuiteRunnerWorker.runSuite(SuiteRunnerWorker.java:53)
at org.testng.SuiteRunnerWorker.run(SuiteRunnerWorker.java:96)
at org.testng.TestNG.runSuitesSequentially(TestNG.java:1212)
at org.testng.TestNG.runSuitesLocally(TestNG.java:1134)
at org.testng.TestNG.runSuites(TestNG.java:1063)
at org.testng.TestNG.run(TestNG.java:1031)
at org.testng.remote.AbstractRemoteTestNG.run(AbstractRemoteTestNG.java:115)
at org.testng.remote.RemoteTestNG.initAndRun(RemoteTestNG.java:251)
at org.testng.remote.RemoteTestNG.main(RemoteTestNG.java:77)
]]>
    </error>
  </testcase> <!-- setUpForAllMethods -->
  <system-out/>
  <testcase classname="com.salesforce.testScripts.Contacts" name="TC25" time="4.361"/>
  <system-out/>
  <testcase classname="com.salesforce.testScripts.Contacts" name="TC29" time="0.000">
    <skipped/>
  </testcase> <!-- TC29 -->
  <system-out/>
</testsuite> <!-- com.salesforce.testScripts.Contacts -->
